<?xml version="1.0" encoding="UTF-8"?>
<!-- Generated by org.testng.reporters.JUnitXMLReporter -->
<testsuite ignored="1" hostname="DESKTOP-25A5VGP" failures="0" tests="1" name="Default test" time="0.068" errors="0" timestamp="2024-11-23T19:54:40 CET">
  <testcase classname="com.mycompany.app.GoogleSearchTest" name="helloWorld2" time="0.012"/>
  <testcase classname="com.mycompany.app.GoogleSearchTest" name="helloWorld" time="0.0">
    <ignored/>
  </testcase> <!-- helloWorld -->
</testsuite> <!-- Default test -->
