<?xml version="1.0" encoding="UTF-8"?>
<testng-results ignored="1" total="2" passed="1" failed="0" skipped="0">
  <reporter-output>
  </reporter-output>
  <suite started-at="2024-11-23T19:54:40 CET" name="Default suite" finished-at="2024-11-23T19:54:40 CET" duration-ms="68">
    <groups>
    </groups>
    <test started-at="2024-11-23T19:54:40 CET" name="Default test" finished-at="2024-11-23T19:54:40 CET" duration-ms="68">
      <class name="com.mycompany.app.GoogleSearchTest">
        <test-method signature="helloWorld2()[pri:0, instance:com.mycompany.app.GoogleSearchTest@5fd4f8f5]" started-at="2024-11-23T19:54:40 CET" name="helloWorld2" finished-at="2024-11-23T19:54:40 CET" duration-ms="12" status="PASS">
          <reporter-output>
          </reporter-output>
        </test-method> <!-- helloWorld2 -->
      </class> <!-- com.mycompany.app.GoogleSearchTest -->
    </test> <!-- Default test -->
  </suite> <!-- Default suite -->
</testng-results>
